Determining if the pthread_create exist failed with the following output:
Change Dir: /home/tzq/catkin_ws/src/RFID_Based_Robot_Navigation/build/CMakeFiles/CMakeTmp

Run Build Command:"/usr/bin/make" "cmTC_e4413/fast"
/usr/bin/make -f CMakeFiles/cmTC_e4413.dir/build.make CMakeFiles/cmTC_e4413.dir/build
make[1]: 进入目录“/home/tzq/catkin_ws/src/RFID_Based_Robot_Navigation/build/CMakeFiles/CMakeTmp”
Building C object CMakeFiles/cmTC_e4413.dir/CheckSymbolExists.c.o
/usr/bin/gcc    -o CMakeFiles/cmTC_e4413.dir/CheckSymbolExists.c.o   -c /home/tzq/catkin_ws/src/RFID_Based_Robot_Navigation/build/CMakeFiles/CMakeTmp/CheckSymbolExists.c
Linking C executable cmTC_e4413
/usr/bin/cmake -E cmake_link_script CMakeFiles/cmTC_e4413.dir/link.txt --verbose=1
/usr/bin/gcc      -rdynamic CMakeFiles/cmTC_e4413.dir/CheckSymbolExists.c.o  -o cmTC_e4413 
CMakeFiles/cmTC_e4413.dir/CheckSymbolExists.c.o：在函数‘main’中：
CheckSymbolExists.c:(.text+0x1b)：对‘pthread_create’未定义的引用
collect2: error: ld returned 1 exit status
CMakeFiles/cmTC_e4413.dir/build.make:97: recipe for target 'cmTC_e4413' failed
make[1]: *** [cmTC_e4413] Error 1
make[1]: 离开目录“/home/tzq/catkin_ws/src/RFID_Based_Robot_Navigation/build/CMakeFiles/CMakeTmp”
Makefile:126: recipe for target 'cmTC_e4413/fast' failed
make: *** [cmTC_e4413/fast] Error 2

File /home/tzq/catkin_ws/src/RFID_Based_Robot_Navigation/build/CMakeFiles/CMakeTmp/CheckSymbolExists.c:
/* */
#include <pthread.h>

int main(int argc, char** argv)
{
  (void)argv;
#ifndef pthread_create
  return ((int*)(&pthread_create))[argc];
#else
  (void)argc;
  return 0;
#endif
}

Determining if the function pthread_create exists in the pthreads failed with the following output:
Change Dir: /home/tzq/catkin_ws/src/RFID_Based_Robot_Navigation/build/CMakeFiles/CMakeTmp

Run Build Command:"/usr/bin/make" "cmTC_b3cb4/fast"
/usr/bin/make -f CMakeFiles/cmTC_b3cb4.dir/build.make CMakeFiles/cmTC_b3cb4.dir/build
make[1]: 进入目录“/home/tzq/catkin_ws/src/RFID_Based_Robot_Navigation/build/CMakeFiles/CMakeTmp”
Building C object CMakeFiles/cmTC_b3cb4.dir/CheckFunctionExists.c.o
/usr/bin/gcc   -DCHECK_FUNCTION_EXISTS=pthread_create   -o CMakeFiles/cmTC_b3cb4.dir/CheckFunctionExists.c.o   -c /usr/share/cmake-3.10/Modules/CheckFunctionExists.c
Linking C executable cmTC_b3cb4
/usr/bin/cmake -E cmake_link_script CMakeFiles/cmTC_b3cb4.dir/link.txt --verbose=1
/usr/bin/gcc  -DCHECK_FUNCTION_EXISTS=pthread_create    -rdynamic CMakeFiles/cmTC_b3cb4.dir/CheckFunctionExists.c.o  -o cmTC_b3cb4 -lpthreads 
/usr/bin/ld: 找不到 -lpthreads
collect2: error: ld returned 1 exit status
CMakeFiles/cmTC_b3cb4.dir/build.make:97: recipe for target 'cmTC_b3cb4' failed
make[1]: *** [cmTC_b3cb4] Error 1
make[1]: 离开目录“/home/tzq/catkin_ws/src/RFID_Based_Robot_Navigation/build/CMakeFiles/CMakeTmp”
Makefile:126: recipe for target 'cmTC_b3cb4/fast' failed
make: *** [cmTC_b3cb4/fast] Error 2


